Exception at PC 0x00007FFD50623B29
Exception at PC 0x00007FFD50623B29
Exception at PC 0x00007FFD50623B29
Exception at PC 0x00007FFD50623B29
Exception at PC 0x00007FFCA1FDE132
Attemped to write at address 0x00007FFCD2634AA4
Printing stacktrace...

[0]  [0x00007FFCA1FDE132]
[1]  [0x00007FFCA1FDE132]
[2]  [0x00007FFCA1FDE194]
[3]  [0x00007FFCA1C2D0D7]
[4]  [0x00007FFCA1B12BCA]
[5]  [0x00007FFCA1B12FD1]
[6]  [0x00007FFCA1FDEB2F]
[7]  [0x00007FFCA1E9C19D]
[8]  [0x00007FFCA1E95942]
[9]  [0x00007FFCA1E95AB5]
[10] (RtlActivateActivationContextUnsafeFast+0x121) [0x00007FFD53425021]
[11] (LdrShutdownProcess+0x132) [0x00007FFD5346B102]
[12] (RtlExitUserProcess+0xad) [0x00007FFD5346AFAD]
[13] (ExitProcess+0xa) [0x00007FFD531ECDDA]
[14] (exit+0x85) [0x00007FFD5335A245]
[15] (initterm_e+0x245) [0x00007FFD5335A8B5]
[16]  [0x00000000004014CD]
[17]  [0x000000000040151B]
[18] (BaseThreadInitThunk+0x14) [0x00007FFD531E7C24]
[19] (RtlUserThreadStart+0x21) [0x00007FFD5346D4D1]
Done
